{(1,2),(1,3),(1,4),(2,5),(2,9),(3,5),(3,7),(4,6),(5,7),(6,7),(6,8)}
Gradul varfului 1 este 3
Gradul varfului 2 este 3
Gradul varfului 3 este 3
Gradul varfului 4 este 2
Gradul varfului 5 este 3
Gradul varfului 6 este 3
Gradul varfului 7 este 3
Gradul varfului 8 este 1
Gradul varfului 9 este 1

0 1 1 1 0 0 0 0 0 
1 0 0 0 1 0 0 0 1 
1 0 0 0 1 0 1 0 0 
1 0 0 0 0 1 0 0 0 
0 1 1 0 0 0 1 0 0 
0 0 0 1 0 0 1 1 0 
0 0 1 0 1 1 0 0 0 
0 0 0 0 0 1 0 0 0 
0 1 0 0 0 0 0 0 0 

Gradul varfurlui 1 este 3
Gradul varfurlui 2 este 3
Gradul varfurlui 3 este 3
Gradul varfurlui 4 este 2
Gradul varfurlui 5 este 3
Gradul varfurlui 6 este 3
Gradul varfurlui 7 este 3
Gradul varfurlui 8 este 1
Gradul varfurlui 9 este 1

1:4 3 2 
2:9 5 1 
3:7 5 1 
4:6 1 
5:7 3 2 
6:8 7 4 
7:6 5 3 
8:6 
9:2 


Gradul varfului 1 este 3
Gradul varfului 2 este 3
Gradul varfului 3 este 3
Gradul varfului 4 este 2
Gradul varfului 5 este 3
Gradul varfului 6 este 3
Gradul varfului 7 este 3
Gradul varfului 8 este 1
Gradul varfului 9 este 1

Parcurgerea in latime 
1 2 3 4 5 9 7 6 8 

Parcurgerea in adancime 
1 2 5 3 7 6 4 8 9 

Componente conexe 
1 2 3 4 5 9 7 6 8 
1 2 2 2 1 1 1 2 1 
Graf nebipartit