5 1 2 3 3 2 2 2 
Numarul de noduri este egal cu 8
Numarul de muchii este egal cu 10
Graf neorientat
Graf simplu
Nu poate fi arbore
Graf simplu conex

5/1,3/4,3/5,2/3,2/6,2/7,2/8,1/2,
(1,4)(1,5)(1,3)(1,6)(1,7)
0/1,2/4,2/5,1/3,1/6,1/7,2/8,1/2,

2/4,2/5,2/8,1/2,1/3,1/6,1/7,0/1,
(4,5)(4,8)
0/4,1/5,1/8,1/2,1/3,1/6,1/7,0/1,

1/2,1/3,1/5,1/6,1/7,1/8,0/1,0/4,
(2,3)
0/2,0/3,1/5,1/6,1/7,1/8,0/1,0/4,

1/5,1/6,1/7,1/8,0/1,0/2,0/3,0/4,
(5,6)
0/5,0/6,1/7,1/8,0/1,0/2,0/3,0/4,

1/7,1/8,0/1,0/2,0/3,0/4,0/5,0/6,
(7,8)
0/7,0/8,0/1,0/2,0/3,0/4,0/5,0/6,
